<?xml version="1.0" encoding="UTF-8"?>
<!-- Generated by org.testng.reporters.JUnitXMLReporter -->
<testsuite ignored="0" hostname="LAPTOP-8LK4QLKQ" failures="1" tests="2" name="Hardassertions" time="0.009" errors="0" timestamp="24 Aug. 2021 18:24:15 GMT">
  <testcase classname="smokesuite.Hardassertions" name="verifyingvalues" time="0.002">
    <failure type="java.lang.AssertionError" message="*************Button not found************* expected [true] but found [false]">
      <![CDATA[java.lang.AssertionError: *************Button not found************* expected [true] but found [false]
at smokesuite.Hardassertions.verifyingvalues(Hardassertions.java:19)
... Removed 29 stack frames]]>
    </failure>
  </testcase> <!-- verifyingvalues -->
  <testcase classname="smokesuite.Hardassertions" name="displaymessage" time="0.001"/>
</testsuite> <!-- Hardassertions -->
