<?xml version="1.0" encoding="UTF-8"?>
<!-- Generated by org.testng.reporters.JUnitXMLReporter -->
<testsuite ignored="0" hostname="LAPTOP-8LK4QLKQ" failures="1" tests="1" name="SoftAssertion" time="0.009" errors="0" timestamp="24 Aug. 2021 18:24:15 GMT">
  <testcase classname="smokesuite.TC004_SoftAssertion" name="verifyvaluesusingassertions" time="0.005">
    <failure type="java.lang.AssertionError" message="expected [false] but found [true]">
      <![CDATA[java.lang.AssertionError: expected [false] but found [true]
at smokesuite.TC004_SoftAssertion.verifyvaluesusingassertions(TC004_SoftAssertion.java:25)
... Removed 30 stack frames]]>
    </failure>
  </testcase> <!-- verifyvaluesusingassertions -->
</testsuite> <!-- SoftAssertion -->
